<?xml version="1.0" encoding="UTF-8"?>
<!-- Generated by org.testng.reporters.JUnitXMLReporter -->
<testsuite ignored="9" hostname="DESKTOP-EQ55Q8H" failures="0" tests="10" name="DynamicTest" time="69.678" errors="0" timestamp="21 Oct 2025 13:34:01 GMT">
  <testcase classname="com.org_New_Test.Test1_RadioButton" name="test" time="0.631"/>
  <testcase classname="com.org_New_Test.Test2_SuggessionClass" name="test" time="0.883"/>
  <testcase classname="com.org_New_Test.Test3_Dropdown" name="test" time="0.348"/>
  <testcase classname="com.org_New_Test.Test4_Checkbox" name="test" time="0.542"/>
  <testcase classname="com.org_New_Test.Test5_SwitchWindow" name="test" time="2.067"/>
  <testcase classname="com.org_New_Test.Test6_SwitchTab" name="test" time="1.88"/>
  <testcase classname="com.org_New_Test.Test7_Alert" name="test" time="3.285"/>
  <testcase classname="com.org_New_Test.Test8_WebTable" name="test" time="0.226"/>
  <testcase classname="com.org_New_Test.Test9_MouseHover" name="test" time="0.724"/>
  <testcase classname="com.org_New_Test.Test10_iFrame" name="test" time="0.286"/>
  <testcase classname="com.org_New_beforeComponents.BaseTestNew" name="@AfterSuite closeExtent" time="0.0">
    <ignored/>
  </testcase> <!-- @AfterSuite closeExtent -->
  <testcase classname="com.org_New_beforeComponents.BaseTestNew" name="@AfterSuite closeExtent" time="0.0">
    <ignored/>
  </testcase> <!-- @AfterSuite closeExtent -->
  <testcase classname="com.org_New_beforeComponents.BaseTestNew" name="@AfterSuite closeExtent" time="0.0">
    <ignored/>
  </testcase> <!-- @AfterSuite closeExtent -->
  <testcase classname="com.org_New_beforeComponents.BaseTestNew" name="@AfterSuite closeExtent" time="0.0">
    <ignored/>
  </testcase> <!-- @AfterSuite closeExtent -->
  <testcase classname="com.org_New_beforeComponents.BaseTestNew" name="@AfterSuite closeExtent" time="0.0">
    <ignored/>
  </testcase> <!-- @AfterSuite closeExtent -->
  <testcase classname="com.org_New_beforeComponents.BaseTestNew" name="@AfterSuite closeExtent" time="0.0">
    <ignored/>
  </testcase> <!-- @AfterSuite closeExtent -->
  <testcase classname="com.org_New_beforeComponents.BaseTestNew" name="@AfterSuite closeExtent" time="0.0">
    <ignored/>
  </testcase> <!-- @AfterSuite closeExtent -->
  <testcase classname="com.org_New_beforeComponents.BaseTestNew" name="@AfterSuite closeExtent" time="0.0">
    <ignored/>
  </testcase> <!-- @AfterSuite closeExtent -->
  <testcase classname="com.org_New_beforeComponents.BaseTestNew" name="@AfterSuite closeExtent" time="0.0">
    <ignored/>
  </testcase> <!-- @AfterSuite closeExtent -->
</testsuite> <!-- DynamicTest -->
