<?xml version="1.0" encoding="UTF-8"?>
<testng-results ignored="0" total="1" passed="1" failed="0" skipped="0">
  <reporter-output>
  </reporter-output>
  <suite started-at="2025-11-16T09:21:12Z" name="Default suite" finished-at="2025-11-16T09:21:16Z" duration-ms="4086">
    <groups>
    </groups>
    <test started-at="2025-11-16T09:21:12Z" name="Default test" finished-at="2025-11-16T09:21:16Z" duration-ms="4086">
      <class name="com.org_DemoPractice.Demo_002_UsingTestNG">
        <test-method is-config="true" signature="setUp()[pri:0, instance:com.org_DemoPractice.Demo_002_UsingTestNG@36b4091c]" started-at="2025-11-16T14:51:12Z" name="setUp" finished-at="2025-11-16T14:51:16Z" duration-ms="3732" status="PASS">
          <reporter-output>
          </reporter-output>
        </test-method> <!-- setUp -->
        <test-method signature="verifyPracticePageTitle()[pri:0, instance:com.org_DemoPractice.Demo_002_UsingTestNG@36b4091c]" started-at="2025-11-16T14:51:16Z" name="verifyPracticePageTitle" finished-at="2025-11-16T14:51:16Z" duration-ms="57" status="PASS">
          <reporter-output>
          </reporter-output>
        </test-method> <!-- verifyPracticePageTitle -->
        <test-method is-config="true" signature="tearDown()[pri:0, instance:com.org_DemoPractice.Demo_002_UsingTestNG@36b4091c]" started-at="2025-11-16T14:51:16Z" name="tearDown" finished-at="2025-11-16T14:51:16Z" duration-ms="258" status="PASS">
          <reporter-output>
          </reporter-output>
        </test-method> <!-- tearDown -->
      </class> <!-- com.org_DemoPractice.Demo_002_UsingTestNG -->
    </test> <!-- Default test -->
  </suite> <!-- Default suite -->
</testng-results>
